<?xml version="1.0" encoding="UTF-8"?>
<!-- Generated by org.testng.reporters.JUnitReportReporter -->
<testsuite hostname="radhey" failures="0" tests="2" name="Unit_Pages.Login_Page" time="33.448" errors="0" timestamp="2024-04-13T14:44:35 IST" skipped="0">
  <testcase classname="Unit_Pages.Login_Page" name="Velidate" time="0.062"/>
  <system-out/>
  <testcase classname="Unit_Pages.Login_Page" name="Login" time="33.386"/>
  <system-out/>
</testsuite> <!-- Unit_Pages.Login_Page -->
