<?xml version="1.0" encoding="UTF-8"?>
<!-- Generated by org.testng.reporters.JUnitReportReporter -->
<testsuite hostname="DESKTOP-0O85LAS" failures="0" tests="1" name="Unit_Pages.Grade" time="55.839" errors="0" timestamp="2024-04-22T11:21:47 IST" skipped="0">
  <testcase classname="Unit_Pages.Grade" name="Standards" time="55.839"/>
  <system-out/>
</testsuite> <!-- Unit_Pages.Grade -->
