<?xml version="1.0" encoding="UTF-8"?>
<!-- Generated by org.testng.reporters.JUnitReportReporter -->
<testsuite hostname="radhey" failures="0" tests="1" name="Unit_Pages.Screenshort" time="2.924" errors="0" timestamp="2024-04-10T11:41:59 IST" skipped="0">
  <testcase classname="Unit_Pages.Screenshort" name="Driver" time="2.924"/>
  <system-out/>
</testsuite> <!-- Unit_Pages.Screenshort -->
