<?xml version="1.0" encoding="UTF-8"?>
<!-- Generated by org.testng.reporters.JUnitReportReporter -->
<testsuite hostname="radhey" failures="0" tests="1" name="Unit_Pages.Standard" time="73.114" errors="0" timestamp="2024-04-16T18:13:16 IST" skipped="0">
  <testcase classname="Unit_Pages.Standard" name="Standards" time="73.114"/>
  <system-out/>
</testsuite> <!-- Unit_Pages.Standard -->
