<?xml version="1.0" encoding="UTF-8"?>
<!-- Generated by org.testng.reporters.JUnitReportReporter -->
<testsuite hostname="DESKTOP-0O85LAS" failures="0" tests="1" name="Unit_Pages.Standard" time="73.073" errors="0" timestamp="2024-04-22T11:38:52 IST" skipped="0">
  <testcase classname="Unit_Pages.Standard" name="Standards" time="73.073"/>
  <system-out/>
</testsuite> <!-- Unit_Pages.Standard -->
