<?xml version="1.0" encoding="UTF-8"?>
<!-- Generated by org.testng.reporters.JUnitReportReporter -->
<testsuite hostname="radhey" failures="0" tests="7" name="com.parell.Parell_Excection" time="76.042" errors="0" timestamp="2024-04-15T14:48:28 IST" skipped="0">
  <testcase classname="com.parell.Parell_Excection" name="login" time="11.263"/>
  <system-out/>
  <testcase classname="com.parell.Parell_Excection" name="login" time="10.297"/>
  <system-out/>
  <testcase classname="com.parell.Parell_Excection" name="login" time="11.937"/>
  <system-out/>
  <testcase classname="com.parell.Parell_Excection" name="login" time="11.654"/>
  <system-out/>
  <testcase classname="com.parell.Parell_Excection" name="login" time="11.537"/>
  <system-out/>
  <testcase classname="com.parell.Parell_Excection" name="login" time="10.511"/>
  <system-out/>
  <testcase classname="com.parell.Parell_Excection" name="login" time="8.843"/>
  <system-out/>
</testsuite> <!-- com.parell.Parell_Excection -->
