<?xml version="1.0" encoding="UTF-8"?>
<!-- Generated by org.testng.reporters.JUnitReportReporter -->
<testsuite hostname="radhey" failures="0" tests="1" name="Unit_Pages.Screenshort" time="4.284" errors="0" timestamp="2024-04-10T13:58:10 IST" skipped="0">
  <testcase classname="Unit_Pages.Screenshort" name="Driver" time="4.284"/>
  <system-out/>
</testsuite> <!-- Unit_Pages.Screenshort -->
