<?xml version="1.0" encoding="UTF-8"?>
<!-- Generated by org.testng.reporters.JUnitReportReporter -->
<testsuite hostname="radhey" failures="0" tests="2" name="Unit_Pages.LogValid" time="3.091" errors="0" timestamp="2024-04-10T16:03:08 IST" skipped="0">
  <testcase classname="Unit_Pages.LogValid" name="Velidate" time="0.055"/>
  <system-out/>
  <testcase classname="Unit_Pages.LogValid" name="Login" time="3.036"/>
  <system-out/>
</testsuite> <!-- Unit_Pages.LogValid -->
