<?xml version="1.0" encoding="UTF-8"?>
<!-- Generated by org.testng.reporters.JUnitReportReporter -->
<testsuite hostname="radhey" failures="0" tests="5" name="Unit_Pages.Login_Page" time="12.705" errors="0" timestamp="2024-04-10T12:17:33 IST" skipped="0">
  <testcase classname="Unit_Pages.Login_Page" name="Login" time="2.430"/>
  <system-out/>
  <testcase classname="Unit_Pages.Login_Page" name="Login" time="2.315"/>
  <system-out/>
  <testcase classname="Unit_Pages.Login_Page" name="Login" time="2.482"/>
  <system-out/>
  <testcase classname="Unit_Pages.Login_Page" name="Login" time="3.134"/>
  <system-out/>
  <testcase classname="Unit_Pages.Login_Page" name="Login" time="2.344"/>
  <system-out/>
</testsuite> <!-- Unit_Pages.Login_Page -->
