<?xml version="1.0" encoding="UTF-8"?>
<!-- Generated by org.testng.reporters.JUnitReportReporter -->
<testsuite hostname="radhey" failures="0" tests="5" name="Unit_Pages.Login_Page" time="36.578" errors="0" timestamp="2024-04-10T10:57:12 IST" skipped="0">
  <testcase classname="Unit_Pages.Login_Page" name="Login" time="7.184"/>
  <system-out/>
  <testcase classname="Unit_Pages.Login_Page" name="Login" time="7.078"/>
  <system-out/>
  <testcase classname="Unit_Pages.Login_Page" name="Login" time="7.140"/>
  <system-out/>
  <testcase classname="Unit_Pages.Login_Page" name="Login" time="7.568"/>
  <system-out/>
  <testcase classname="Unit_Pages.Login_Page" name="Login" time="7.608"/>
  <system-out/>
</testsuite> <!-- Unit_Pages.Login_Page -->
