<?xml version="1.0" encoding="UTF-8"?>
<!-- Generated by org.testng.reporters.JUnitReportReporter -->
<testsuite hostname="radhey" failures="0" tests="1" name="Unit_Pages.Standard" time="57.756" errors="0" timestamp="2024-04-16T17:04:47 IST" skipped="0">
  <testcase classname="Unit_Pages.Standard" name="Standards" time="57.756"/>
  <system-out/>
</testsuite> <!-- Unit_Pages.Standard -->
